Command line:
   Unidade_controle_tb_isim_beh.exe
     -simmode  gui
     -simrunnum  0
     -socket  34987

Mon Dec  4 16:44:58 2023


 Elaboration Time: 0.04 sec

 Current Memory Usage: 193.462 Meg

 Total Signals          : 20
 Total Nets             : 16
 Total Signal Drivers   : 10
 Total Blocks           : 3
 Total Primitive Blocks : 2
 Total Processes        : 2
 Total Traceable Variables  : 8
 Total Scalar Nets and Variables : 376
Total Line Count : 58

 Total Simulation Time: 0.05 sec

 Current Memory Usage: 268.964 Meg

Mon Dec  4 16:45:13 2023

