Command line:
   ULA_1bit_tb_isim_beh.exe
     -simmode  gui
     -simrunnum  0
     -socket  35939

Mon Dec 11 15:44:30 2023


 Elaboration Time: 0.03 sec

 Current Memory Usage: 193.462 Meg

 Total Signals          : 52
 Total Nets             : 20
 Total Signal Drivers   : 19
 Total Blocks           : 10
 Total Primitive Blocks : 7
 Total Processes        : 13
 Total Traceable Variables  : 8
 Total Scalar Nets and Variables : 380
Total Line Count : 21

 Total Simulation Time: 0.05 sec

 Current Memory Usage: 268.964 Meg

Mon Dec 11 15:44:40 2023

