Command line:
   desl_esq_tb_isim_beh.exe
     -simmode  gui
     -simrunnum  0
     -socket  40851

Wed Nov 29 17:03:40 2023


 Elaboration Time: 0.03 sec

 Current Memory Usage: 193.454 Meg

 Total Signals          : 4
 Total Nets             : 54
 Total Signal Drivers   : 4
 Total Blocks           : 3
 Total Primitive Blocks : 2
 Total Processes        : 4
 Total Traceable Variables  : 8
 Total Scalar Nets and Variables : 414
Total Line Count : 6

 Total Simulation Time: 0.04 sec

 Current Memory Usage: 268.956 Meg

Wed Nov 29 17:04:14 2023

