Command line:
   mux2_isim_beh.exe
     -simmode  gui
     -simrunnum  0
     -socket  44115

Wed Dec  6 15:50:09 2023


 Elaboration Time: 0.04 sec

 Current Memory Usage: 193.454 Meg

 Total Signals          : 3
 Total Nets             : 4
 Total Signal Drivers   : 1
 Total Blocks           : 2
 Total Primitive Blocks : 2
 Total Processes        : 1
 Total Traceable Variables  : 8
 Total Scalar Nets and Variables : 364
Total Line Count : 1

 Total Simulation Time: 0.05 sec

 Current Memory Usage: 268.956 Meg

Wed Dec  6 15:50:21 2023

